added manifest
adding: Client.class(in = 6645) (out= 3263)(deflated 50%)
adding: GameBoard.class(in = 11759) (out= 5646)(deflated 51%)
adding: GameController.class(in = 8522) (out= 4525)(deflated 46%)
adding: GameState.class(in = 1651) (out= 746)(deflated 54%)
adding: GameUtils.class(in = 3601) (out= 1456)(deflated 59%)
adding: Host$ClientHandler.class(in = 5979) (out= 3155)(deflated 47%)
adding: Host.class(in = 4712) (out= 2391)(deflated 49%)
adding: MainGame$1.class(in = 813) (out= 539)(deflated 33%)
adding: MainGame$2.class(in = 1204) (out= 729)(deflated 39%)
adding: MainGame$3.class(in = 2069) (out= 1209)(deflated 41%)
adding: MainGame.class(in = 26481) (out= 13753)(deflated 48%)
adding: NetworkManager.class(in = 2811) (out= 1473)(deflated 47%)
adding: Pictures/(in = 0) (out= 0)(stored 0%)
adding: Pictures/GridCell/(in = 0) (out= 0)(stored 0%)
adding: Pictures/GridCell/brick_NE.png(in = 3563) (out= 3265)(deflated 8%)
adding: Pictures/GridCell/brick_NW.png(in = 3621) (out= 3331)(deflated 8%)
adding: Pictures/GridCell/brick_SE.png(in = 3535) (out= 3225)(deflated 8%)
adding: Pictures/GridCell/brick_SW.png(in = 3547) (out= 3239)(deflated 8%)
adding: Pictures/GridCell/brick_Teast.png(in = 3418) (out= 3130)(deflated 8%)
adding: Pictures/GridCell/brick_Tnorth.png(in = 3492) (out= 3205)(deflated 8%)
adding: Pictures/GridCell/brick_Tsouth.png(in = 3393) (out= 3118)(deflated 8%)
adding: Pictures/GridCell/brick_Twest.png(in = 3485) (out= 3185)(deflated 8%)
adding: Pictures/GridCell/brick_cross.png(in = 3384) (out= 3109)(deflated 8%)
adding: Pictures/GridCell/hallway_horiz.png(in = 3025) (out= 2748)(deflated 9%)
adding: Pictures/GridCell/hallway_vert.png(in = 3067) (out= 2770)(deflated 9%)
adding: Pictures/GridCell/insert_down.png(in = 2863) (out= 2868)(deflated 0%)
adding: Pictures/GridCell/insert_left.png(in = 2968) (out= 2973)(deflated 0%)
adding: Pictures/GridCell/insert_right.png(in = 3020) (out= 3025)(deflated 0%)
adding: Pictures/GridCell/insert_up.png(in = 3128) (out= 3133)(deflated 0%)
adding: Pictures/MG1.png(in = 1633533) (out= 1633350)(deflated 0%)
adding: Pictures/MG2.png(in = 2186594) (out= 2187011)(deflated 0%)
adding: Pictures/MG3.png(in = 1888938) (out= 1889501)(deflated 0%)
adding: Pictures/PlayerPiece/(in = 0) (out= 0)(stored 0%)
adding: Pictures/PlayerPiece/blue.png(in = 1847) (out= 1852)(deflated 0%)
adding: Pictures/PlayerPiece/green.png(in = 1924) (out= 1929)(deflated 0%)
adding: Pictures/PlayerPiece/red.png(in = 1862) (out= 1867)(deflated 0%)
adding: Pictures/PlayerPiece/yellow.png(in = 1884) (out= 1889)(deflated 0%)
adding: Pictures/Token/(in = 0) (out= 0)(stored 0%)
adding: Pictures/Token/gold_1.png(in = 1311) (out= 949)(deflated 27%)
adding: Pictures/Token/gold_10.png(in = 1384) (out= 1021)(deflated 26%)
adding: Pictures/Token/gold_11.png(in = 1342) (out= 978)(deflated 27%)
adding: Pictures/Token/gold_12.png(in = 1397) (out= 1027)(deflated 26%)
adding: Pictures/Token/gold_13.png(in = 1405) (out= 1041)(deflated 25%)
adding: Pictures/Token/gold_14.png(in = 1383) (out= 1011)(deflated 26%)
adding: Pictures/Token/gold_15.png(in = 1373) (out= 1008)(deflated 26%)
adding: Pictures/Token/gold_16.png(in = 1414) (out= 1051)(deflated 25%)
adding: Pictures/Token/gold_17.png(in = 1397) (out= 1027)(deflated 26%)
adding: Pictures/Token/gold_18.png(in = 1422) (out= 1056)(deflated 25%)
adding: Pictures/Token/gold_19.png(in = 1408) (out= 1042)(deflated 25%)
adding: Pictures/Token/gold_2.png(in = 1366) (out= 999)(deflated 26%)
adding: Pictures/Token/gold_20.png(in = 1410) (out= 1044)(deflated 25%)
adding: Pictures/Token/gold_3.png(in = 1382) (out= 1013)(deflated 26%)
adding: Pictures/Token/gold_4.png(in = 1344) (out= 983)(deflated 26%)
adding: Pictures/Token/gold_5.png(in = 1348) (out= 980)(deflated 27%)
adding: Pictures/Token/gold_6.png(in = 1384) (out= 1019)(deflated 26%)
adding: Pictures/Token/gold_7.png(in = 1371) (out= 999)(deflated 27%)
adding: Pictures/Token/gold_8.png(in = 1403) (out= 1039)(deflated 25%)
adding: Pictures/Token/gold_9.png(in = 1388) (out= 1018)(deflated 26%)
adding: Pictures/bg.jpg(in = 33027) (out= 32940)(deflated 0%)
adding: Pictures/logo.png(in = 4105) (out= 4110)(deflated 0%)
adding: Player.class(in = 1785) (out= 876)(deflated 50%)
adding: Tile.class(in = 5236) (out= 2699)(deflated 48%)
